1744196303902	geckodriver	INFO	Listening on 127.0.0.1:57289
1744196303902	webdriver::server	TRACE	Build standard route for /status
1744196303902	webdriver::server	TRACE	Build standard route for /session
1744196303902	webdriver::server	TRACE	Build standard route for /session/{sessionId}
1744196303902	webdriver::server	TRACE	Build standard route for /session/{sessionId}/url
1744196303902	webdriver::server	TRACE	Build standard route for /session/{sessionId}/url
1744196303902	webdriver::server	TRACE	Build standard route for /session/{sessionId}/back
1744196303902	webdriver::server	TRACE	Build standard route for /session/{sessionId}/forward
1744196303902	webdriver::server	TRACE	Build standard route for /session/{sessionId}/refresh
1744196303902	webdriver::server	TRACE	Build standard route for /session/{sessionId}/title
1744196303902	webdriver::server	TRACE	Build standard route for /session/{sessionId}/source
1744196303902	webdriver::server	TRACE	Build standard route for /session/{sessionId}/window
1744196303902	webdriver::server	TRACE	Build standard route for /session/{sessionId}/window/handles
1744196303902	webdriver::server	TRACE	Build standard route for /session/{sessionId}/window/new
1744196303902	webdriver::server	TRACE	Build standard route for /session/{sessionId}/window
1744196303902	webdriver::server	TRACE	Build standard route for /session/{sessionId}/window/size
1744196303902	webdriver::server	TRACE	Build standard route for /session/{sessionId}/window/size
1744196303902	webdriver::server	TRACE	Build standard route for /session/{sessionId}/window/position
1744196303902	webdriver::server	TRACE	Build standard route for /session/{sessionId}/window/position
1744196303902	webdriver::server	TRACE	Build standard route for /session/{sessionId}/window/rect
1744196303902	webdriver::server	TRACE	Build standard route for /session/{sessionId}/window/rect
1744196303902	webdriver::server	TRACE	Build standard route for /session/{sessionId}/window/minimize
1744196303902	webdriver::server	TRACE	Build standard route for /session/{sessionId}/window/maximize
1744196303902	webdriver::server	TRACE	Build standard route for /session/{sessionId}/window/fullscreen
1744196303902	webdriver::server	TRACE	Build standard route for /session/{sessionId}/window
1744196303902	webdriver::server	TRACE	Build standard route for /session/{sessionId}/frame
1744196303902	webdriver::server	TRACE	Build standard route for /session/{sessionId}/frame/parent
1744196303902	webdriver::server	TRACE	Build standard route for /session/{sessionId}/element
1744196303902	webdriver::server	TRACE	Build standard route for /session/{sessionId}/element/{elementId}/element
1744196303902	webdriver::server	TRACE	Build standard route for /session/{sessionId}/elements
1744196303902	webdriver::server	TRACE	Build standard route for /session/{sessionId}/element/{elementId}/elements
1744196303902	webdriver::server	TRACE	Build standard route for /session/{sessionId}/shadow/{shadowId}/element
1744196303902	webdriver::server	TRACE	Build standard route for /session/{sessionId}/shadow/{shadowId}/elements
1744196303902	webdriver::server	TRACE	Build standard route for /session/{sessionId}/element/active
1744196303902	webdriver::server	TRACE	Build standard route for /session/{sessionId}/element/{elementId}/shadow
1744196303902	webdriver::server	TRACE	Build standard route for /session/{sessionId}/element/{elementId}/displayed
1744196303902	webdriver::server	TRACE	Build standard route for /session/{sessionId}/element/{elementId}/selected
1744196303902	webdriver::server	TRACE	Build standard route for /session/{sessionId}/element/{elementId}/attribute/{name}
1744196303902	webdriver::server	TRACE	Build standard route for /session/{sessionId}/element/{elementId}/property/{name}
1744196303902	webdriver::server	TRACE	Build standard route for /session/{sessionId}/element/{elementId}/css/{propertyName}
1744196303902	webdriver::server	TRACE	Build standard route for /session/{sessionId}/element/{elementId}/text
1744196303902	webdriver::server	TRACE	Build standard route for /session/{sessionId}/element/{elementId}/computedlabel
1744196303902	webdriver::server	TRACE	Build standard route for /session/{sessionId}/element/{elementId}/computedrole
1744196303902	webdriver::server	TRACE	Build standard route for /session/{sessionId}/element/{elementId}/name
1744196303902	webdriver::server	TRACE	Build standard route for /session/{sessionId}/element/{elementId}/rect
1744196303902	webdriver::server	TRACE	Build standard route for /session/{sessionId}/element/{elementId}/enabled
1744196303902	webdriver::server	TRACE	Build standard route for /session/{sessionId}/execute/sync
1744196303902	webdriver::server	TRACE	Build standard route for /session/{sessionId}/execute/async
1744196303902	webdriver::server	TRACE	Build standard route for /session/{sessionId}/cookie
1744196303902	webdriver::server	TRACE	Build standard route for /session/{sessionId}/cookie/{name}
1744196303902	webdriver::server	TRACE	Build standard route for /session/{sessionId}/cookie
1744196303902	webdriver::server	TRACE	Build standard route for /session/{sessionId}/cookie
1744196303902	webdriver::server	TRACE	Build standard route for /session/{sessionId}/cookie/{name}
1744196303902	webdriver::server	TRACE	Build standard route for /session/{sessionId}/timeouts
1744196303902	webdriver::server	TRACE	Build standard route for /session/{sessionId}/timeouts
1744196303902	webdriver::server	TRACE	Build standard route for /session/{sessionId}/element/{elementId}/click
1744196303902	webdriver::server	TRACE	Build standard route for /session/{sessionId}/element/{elementId}/clear
1744196303902	webdriver::server	TRACE	Build standard route for /session/{sessionId}/element/{elementId}/value
1744196303902	webdriver::server	TRACE	Build standard route for /session/{sessionId}/alert/dismiss
1744196303902	webdriver::server	TRACE	Build standard route for /session/{sessionId}/alert/accept
1744196303902	webdriver::server	TRACE	Build standard route for /session/{sessionId}/alert/text
1744196303902	webdriver::server	TRACE	Build standard route for /session/{sessionId}/alert/text
1744196303902	webdriver::server	TRACE	Build standard route for /session/{sessionId}/screenshot
1744196303902	webdriver::server	TRACE	Build standard route for /session/{sessionId}/element/{elementId}/screenshot
1744196303902	webdriver::server	TRACE	Build standard route for /session/{sessionId}/actions
1744196303902	webdriver::server	TRACE	Build standard route for /session/{sessionId}/actions
1744196303902	webdriver::server	TRACE	Build standard route for /session/{sessionId}/permissions
1744196303902	webdriver::server	TRACE	Build standard route for /session/{sessionId}/print
1744196303902	webdriver::server	TRACE	Build standard route for /session/{sessionId}/webauthn/authenticator
1744196303902	webdriver::server	TRACE	Build standard route for /session/{sessionId}/webauthn/authenticator/{authenticatorId}
1744196303902	webdriver::server	TRACE	Build standard route for /session/{sessionId}/webauthn/authenticator/{authenticatorId}/credential
1744196303902	webdriver::server	TRACE	Build standard route for /session/{sessionId}/webauthn/authenticator/{authenticatorId}/credentials
1744196303902	webdriver::server	TRACE	Build standard route for /session/{sessionId}/webauthn/authenticator/{authenticatorId}/credentials/{credentialId}
1744196303902	webdriver::server	TRACE	Build standard route for /session/{sessionId}/webauthn/authenticator/{authenticatorId}/credentials
1744196303902	webdriver::server	TRACE	Build standard route for /session/{sessionId}/webauthn/authenticator/{authenticatorId}/uv
1744196303902	webdriver::server	TRACE	Build vendor route for /session/{sessionId}/moz/context
1744196303902	webdriver::server	TRACE	Build vendor route for /session/{sessionId}/moz/context
1744196303902	webdriver::server	TRACE	Build vendor route for /session/{sessionId}/moz/addon/install
1744196303902	webdriver::server	TRACE	Build vendor route for /session/{sessionId}/moz/addon/uninstall
1744196303902	webdriver::server	TRACE	Build vendor route for /session/{sessionId}/moz/screenshot/full
1744196303912	webdriver::server	DEBUG	-> GET /status 
1744196303912	webdriver::server	DEBUG	<- 200 OK {"value":{"message":"","ready":true}}
1744196303921	webdriver::server	DEBUG	-> POST /session {"capabilities":{"firstMatch":[{}],"alwaysMatch":{"browserName":"firefox","moz:firefoxOptions":{"prefs":{"re ... ive-protocols":3},"binary":"/Users/vasugoel/.cache/selenium/firefox/mac-arm64/137.0.1/Firefox.app/Contents/MacOS/firefox"}}}}
1744196303921	geckodriver::capabilities	DEBUG	Trying to read firefox version from ini files
1744196303923	geckodriver::capabilities	DEBUG	Found version 137.0.1
1744196303925	mozrunner::runner	INFO	Running command: MOZ_CRASHREPORTER="1" MOZ_CRASHREPORTER_NO_REPORT="1" MOZ_CRASHREPORTER_SHUTDOWN="1" "/Users/vasugoel/.cache ... "--marionette" "-foreground" "-no-remote" "-profile" "/var/folders/zl/zzx0y36x5rb2m9zg76rfz8l80000gp/T/rust_mozprofilem0wEYE"
1744196303926	geckodriver::marionette	DEBUG	Waiting 60s to connect to browser on 127.0.0.1
1744196303926	geckodriver::browser	TRACE	Failed to open /var/folders/zl/zzx0y36x5rb2m9zg76rfz8l80000gp/T/rust_mozprofilem0wEYE/MarionetteActivePort
1744196303926	geckodriver::marionette	TRACE	Retrying in 100ms
1744196304031	geckodriver::browser	TRACE	Failed to open /var/folders/zl/zzx0y36x5rb2m9zg76rfz8l80000gp/T/rust_mozprofilem0wEYE/MarionetteActivePort
1744196304031	geckodriver::marionette	TRACE	Retrying in 100ms
1744196304133	geckodriver::browser	TRACE	Failed to open /var/folders/zl/zzx0y36x5rb2m9zg76rfz8l80000gp/T/rust_mozprofilem0wEYE/MarionetteActivePort
1744196304134	geckodriver::marionette	TRACE	Retrying in 100ms
console.warn: services.settings: Ignoring preference override of remote settings server
console.warn: services.settings: Allow by setting MOZ_REMOTE_SETTINGS_DEVTOOLS=1 in the environment
1744196304239	geckodriver::browser	TRACE	Failed to open /var/folders/zl/zzx0y36x5rb2m9zg76rfz8l80000gp/T/rust_mozprofilem0wEYE/MarionetteActivePort
1744196304239	geckodriver::marionette	TRACE	Retrying in 100ms
1744196304262	Marionette	INFO	Marionette enabled
1744196304262	RemoteAgent	DEBUG	Setting recommended pref apz.content_response_timeout to 60000
1744196304263	RemoteAgent	DEBUG	Setting recommended pref browser.contentblocking.introCount to 99
1744196304263	RemoteAgent	DEBUG	Setting recommended pref browser.download.panel.shown to true
1744196304263	RemoteAgent	DEBUG	Setting recommended pref browser.http.blank_page_with_error_response.enabled to true
1744196304263	RemoteAgent	DEBUG	Setting recommended pref browser.newtabpage.activity-stream.discoverystream.region-weather-config to 
1744196304263	RemoteAgent	DEBUG	Setting recommended pref browser.newtabpage.activity-stream.newtabWallpapers.enabled to false
1744196304263	RemoteAgent	DEBUG	Setting recommended pref browser.newtabpage.activity-stream.newtabWallpapers.v2.enabled to false
1744196304263	RemoteAgent	DEBUG	Setting recommended pref browser.newtabpage.activity-stream.showSponsoredTopSites to false
1744196304263	RemoteAgent	DEBUG	Setting recommended pref browser.newtabpage.enabled to false
1744196304263	RemoteAgent	DEBUG	Setting recommended pref browser.pagethumbnails.capturing_disabled to true
1744196304263	RemoteAgent	DEBUG	Setting recommended pref browser.region.network.url to 
1744196304263	RemoteAgent	DEBUG	Setting recommended pref browser.safebrowsing.blockedURIs.enabled to false
1744196304263	RemoteAgent	DEBUG	Setting recommended pref browser.safebrowsing.downloads.enabled to false
1744196304263	RemoteAgent	DEBUG	Setting recommended pref browser.safebrowsing.malware.enabled to false
1744196304263	RemoteAgent	DEBUG	Setting recommended pref browser.safebrowsing.phishing.enabled to false
1744196304263	RemoteAgent	DEBUG	Setting recommended pref browser.search.update to false
1744196304263	RemoteAgent	DEBUG	Setting recommended pref browser.startup.couldRestoreSession.count to -1
1744196304263	RemoteAgent	DEBUG	Setting recommended pref browser.tabs.remote.unloadDelayMs to 0
1744196304263	RemoteAgent	DEBUG	Setting recommended pref browser.tabs.unloadOnLowMemory to false
1744196304263	RemoteAgent	DEBUG	Setting recommended pref browser.tabs.warnOnClose to false
1744196304263	RemoteAgent	DEBUG	Setting recommended pref browser.tabs.warnOnCloseOtherTabs to false
1744196304263	RemoteAgent	DEBUG	Setting recommended pref browser.tabs.warnOnOpen to false
1744196304263	RemoteAgent	DEBUG	Setting recommended pref browser.toolbars.bookmarks.visibility to never
1744196304263	RemoteAgent	DEBUG	Setting recommended pref browser.topsites.contile.enabled to false
1744196304263	RemoteAgent	DEBUG	Setting recommended pref browser.usedOnWindows10.introURL to 
1744196304263	RemoteAgent	DEBUG	Setting recommended pref browser.urlbar.merino.endpointURL to 
1744196304263	RemoteAgent	DEBUG	Setting recommended pref browser.urlbar.suggest.searches to false
1744196304263	RemoteAgent	DEBUG	Setting recommended pref datareporting.policy.dataSubmissionPolicyAccepted to false
1744196304263	RemoteAgent	DEBUG	Setting recommended pref dom.disable_open_during_load to false
1744196304263	RemoteAgent	DEBUG	Setting recommended pref dom.file.createInChild to true
1744196304263	RemoteAgent	DEBUG	Setting recommended pref dom.input_events.security.minNumTicks to 0
1744196304263	RemoteAgent	DEBUG	Setting recommended pref dom.input_events.security.minTimeElapsedInMS to 0
1744196304263	RemoteAgent	DEBUG	Setting recommended pref dom.max_chrome_script_run_time to 0
1744196304263	RemoteAgent	DEBUG	Setting recommended pref dom.max_script_run_time to 0
1744196304263	RemoteAgent	DEBUG	Setting recommended pref dom.navigation.navigationRateLimit.count to 0
1744196304263	RemoteAgent	DEBUG	Setting recommended pref dom.push.connection.enabled to false
1744196304263	RemoteAgent	DEBUG	Setting recommended pref dom.screenorientation.allow-lock to true
1744196304263	RemoteAgent	DEBUG	Setting recommended pref dom.successive_dialog_time_limit to 0
1744196304263	RemoteAgent	DEBUG	Setting recommended pref extensions.getAddons.cache.enabled to false
1744196304263	RemoteAgent	DEBUG	Setting recommended pref extensions.getAddons.discovery.api_url to data:, 
1744196304263	RemoteAgent	DEBUG	Setting recommended pref extensions.blocklist.detailsURL to http://%(server)s/extensions-dummy/blocklistDetailsURL
1744196304263	RemoteAgent	DEBUG	Setting recommended pref extensions.blocklist.itemURL to http://%(server)s/extensions-dummy/blocklistItemURL
1744196304263	RemoteAgent	DEBUG	Setting recommended pref extensions.hotfix.url to http://%(server)s/extensions-dummy/hotfixURL
1744196304263	RemoteAgent	DEBUG	Setting recommended pref extensions.systemAddon.update.enabled to false
1744196304263	RemoteAgent	DEBUG	Setting recommended pref extensions.update.background.url to http://%(server)s/extensions-dummy/updateBackgroundURL
1744196304263	RemoteAgent	DEBUG	Setting recommended pref extensions.update.url to http://%(server)s/extensions-dummy/updateURL
1744196304263	RemoteAgent	DEBUG	Setting recommended pref extensions.getAddons.get.url to http://%(server)s/extensions-dummy/repositoryGetURL
1744196304263	RemoteAgent	DEBUG	Setting recommended pref extensions.getAddons.search.browseURL to http://%(server)s/extensions-dummy/repositoryBrowseURL
1744196304263	RemoteAgent	DEBUG	Setting recommended pref geo.provider.network.url to 
1744196304263	RemoteAgent	DEBUG	Setting recommended pref identity.fxaccounts.auth.uri to https://{server}/dummy/fxa
1744196304263	RemoteAgent	DEBUG	Setting recommended pref network.connectivity-service.enabled to false
1744196304263	RemoteAgent	DEBUG	Setting recommended pref network.http.phishy-userpass-length to 255
1744196304263	RemoteAgent	DEBUG	Setting recommended pref network.http.prompt-temp-redirect to false
1744196304263	RemoteAgent	DEBUG	Setting recommended pref privacy.trackingprotection.enabled to false
1744196304263	RemoteAgent	DEBUG	Setting recommended pref remote.prefs.recommended.applied to true
1744196304263	RemoteAgent	DEBUG	Setting recommended pref security.fileuri.strict_origin_policy to false
1744196304263	RemoteAgent	DEBUG	Setting recommended pref security.notification_enable_delay to 0
1744196304263	RemoteAgent	DEBUG	Setting recommended pref security.remote_settings.intermediates.enabled to false
1744196304263	RemoteAgent	DEBUG	Setting recommended pref services.settings.loglevel to off
1744196304263	RemoteAgent	DEBUG	Setting recommended pref signon.autofillForms to false
1744196304264	RemoteAgent	DEBUG	Setting recommended pref signon.rememberSignons to false
1744196304264	RemoteAgent	DEBUG	Setting recommended pref toolkit.telemetry.server to https://%(server)s/telemetry-dummy/
1744196304264	RemoteAgent	DEBUG	Setting recommended pref widget.windows.window_occlusion_tracking.enabled to false
1744196304344	geckodriver::browser	TRACE	Failed to open /var/folders/zl/zzx0y36x5rb2m9zg76rfz8l80000gp/T/rust_mozprofilem0wEYE/MarionetteActivePort
1744196304344	geckodriver::marionette	TRACE	Retrying in 100ms
1744196304449	geckodriver::browser	TRACE	Failed to open /var/folders/zl/zzx0y36x5rb2m9zg76rfz8l80000gp/T/rust_mozprofilem0wEYE/MarionetteActivePort
1744196304449	geckodriver::marionette	TRACE	Retrying in 100ms
1744196304482	Marionette	TRACE	Received observer notification final-ui-startup
1744196304541	Marionette	INFO	Listening on port 57297
1744196304541	Marionette	DEBUG	Marionette is listening
Read port: 57297
1744196304561	Marionette	DEBUG	Accepted connection 0 from 127.0.0.1:57298
1744196304691	geckodriver::marionette	DEBUG	Connection to Marionette established on 127.0.0.1:57297.
1744196304700	Marionette	DEBUG	0 -> [0,1,"WebDriver:NewSession",{"browserName":"firefox"}]
1744196304701	Marionette	DEBUG	Waiting for initial application window
UNSUPPORTED (log once): POSSIBLE ISSUE: unit 1 GLD_TEXTURE_INDEX_2D is unloadable and bound to sampler type (Float) - using zero texture because texture unloadable
2025-04-09 16:28:25.071 firefox[70218:2953853] +[IMKClient subclass]: chose IMKClient_Modern
1744196305379	Marionette	TRACE	Received observer notification browser-idle-startup-tasks-finished
1744196305382	RemoteAgent	TRACE	[9] ProgressListener Start: expectNavigation=false resolveWhenStarted=false unloadTimeout=5000 waitForExplicitStart=false
1744196305382	RemoteAgent	TRACE	[9] ProgressListener Setting unload timer (5000ms)
1744196305382	RemoteAgent	TRACE	[9] Wait for initial navigation: isInitial=false, isLoadingDocument=false
1744196305382	RemoteAgent	TRACE	[9] Document already finished loading: about:blank
1744196305382	RemoteAgent	TRACE	[9] ProgressListener Stop: has error=false url=about:blank
1744196305387	Marionette	DEBUG	0 <- [1,1,null,{"sessionId":"3919eaeb-4e0e-4220-ab93-762fde022bfc","capabilities":{"acceptInsecureCerts":false,"browserName":"firefox","browserVersion":"137.0.1","platformName":"mac","unhandledPromptBehavior":"dismiss and notify","userAgent":"Mozilla/5.0 (Macintosh; Intel Mac OS X 10.15; rv:137.0) Gecko/20100101 Firefox/137.0","moz:buildID":"20250407111027","moz:headless":false,"moz:platformVersion":"24.3.0","moz:processID":70218,"moz:profile":"/var/folders/zl/zzx0y36x5rb2m9zg76rfz8l80000gp/T/rust_mozprofilem0wEYE","moz:shutdownTimeout":60000,"pageLoadStrategy":"normal","timeouts":{"implicit":0,"pageLoad":300000,"script":30000},"setWindowRect":true,"strictFileInteractability":false,"moz:accessibilityChecks":false,"moz:webdriverClick":true,"moz:windowless":false,"proxy":{}}}]
1744196305388	webdriver::server	DEBUG	<- 200 OK {"value":{"sessionId":"3919eaeb-4e0e-4220-ab93-762fde022bfc","capabilities":{"acceptInsecureCerts":false,"browserNa ... r":"dismiss and notify","userAgent":"Mozilla/5.0 (Macintosh; Intel Mac OS X 10.15; rv:137.0) Gecko/20100101 Firefox/137.0"}}}
1744196305395	webdriver::server	DEBUG	-> POST /session/3919eaeb-4e0e-4220-ab93-762fde022bfc/url {"url":"https://www.google.com"}
1744196305396	Marionette	DEBUG	0 -> [0,2,"WebDriver:Navigate",{"url":"https://www.google.com"}]
1744196305397	Marionette	TRACE	[9] Received event beforeunload for about:blank
1744196306544	Marionette	TRACE	Remoteness change detected. Set new top-level browsing context to 11
1744196306559	Marionette	TRACE	[11] Received event beforeunload for about:blank
1744196306563	Marionette	TRACE	[11] Received event pagehide for about:blank
1744196307249	Marionette	TRACE	[11] Received event DOMContentLoaded for https://www.google.com/
1744196310136	Marionette	TRACE	[11] Received event pageshow for https://www.google.com/
1744196310136	Marionette	DEBUG	0 <- [1,2,null,{"value":null}]
1744196310138	webdriver::server	DEBUG	<- 200 OK {"value":null}
1744196310144	webdriver::server	DEBUG	-> POST /session/3919eaeb-4e0e-4220-ab93-762fde022bfc/elements {"using":"css selector","value":"textarea[title=\"Search\"]"}
1744196310144	Marionette	DEBUG	0 -> [0,3,"WebDriver:FindElements",{"using":"css selector","value":"textarea[title=\"Search\"]"}]
1744196310147	RemoteAgent	TRACE	WebDriverProcessData actor created for PID 70230
1744196310148	Marionette	TRACE	[11] MarionetteCommands actor created for window id 12884901889
1744196310152	Marionette	DEBUG	0 <- [1,3,null,[{"element-6066-11e4-a52e-4f735466cecf":"17bed629-6b9f-4fa7-a587-677d84e5aeb8"}]]
1744196310154	webdriver::server	DEBUG	<- 200 OK {"value":[{"element-6066-11e4-a52e-4f735466cecf":"17bed629-6b9f-4fa7-a587-677d84e5aeb8"}]}
1744196310160	webdriver::server	DEBUG	-> POST /session/3919eaeb-4e0e-4220-ab93-762fde022bfc/execute/sync {"script":"/* isDisplayed */return (function(){return (fun ... ement-6066-11e4-a52e-4f735466cecf":"17bed629-6b9f-4fa7-a587-677d84e5aeb8","ELEMENT":"17bed629-6b9f-4fa7-a587-677d84e5aeb8"}]}
1744196310161	Marionette	DEBUG	0 -> [0,4,"WebDriver:ExecuteScript",{"args":[{"ELEMENT":"17bed629-6b9f-4fa7-a587-677d84e5aeb8","element-6066-11e4-a52e-4f735466cecf":"17bed629-6b9f-4fa7-a587-677d84e5aeb8"}],"script":"/* isDisplayed */return (function(){return (function(){var g=this||self;\nfunction aa(a){var b=typeof a;if(\"object\"==b)if(a){i ... efined'?window.navigator:null,document:typeof window!='undefined'?window.document:null}, arguments);}).apply(null, arguments)"}]
1744196310165	Marionette	DEBUG	0 <- [1,4,null,{"value":true}]
1744196310165	webdriver::server	DEBUG	<- 200 OK {"value":true}
1744196310169	webdriver::server	DEBUG	-> POST /session/3919eaeb-4e0e-4220-ab93-762fde022bfc/elements {"using":"css selector","value":"textarea[title=\"Search\"]"}
1744196310171	Marionette	DEBUG	0 -> [0,5,"WebDriver:FindElements",{"using":"css selector","value":"textarea[title=\"Search\"]"}]
1744196310171	Marionette	DEBUG	0 <- [1,5,null,[{"element-6066-11e4-a52e-4f735466cecf":"17bed629-6b9f-4fa7-a587-677d84e5aeb8"}]]
1744196310171	webdriver::server	DEBUG	<- 200 OK {"value":[{"element-6066-11e4-a52e-4f735466cecf":"17bed629-6b9f-4fa7-a587-677d84e5aeb8"}]}
1744196310173	webdriver::server	DEBUG	-> POST /session/3919eaeb-4e0e-4220-ab93-762fde022bfc/element/17bed629-6b9f-4fa7-a587-677d84e5aeb8/clear {}
1744196310173	Marionette	DEBUG	0 -> [0,6,"WebDriver:ElementClear",{"id":"17bed629-6b9f-4fa7-a587-677d84e5aeb8"}]
1744196310174	Marionette	DEBUG	0 <- [1,6,null,{"value":null}]
1744196310174	webdriver::server	DEBUG	<- 200 OK {"value":null}
1744196310175	webdriver::server	DEBUG	-> GET /session/3919eaeb-4e0e-4220-ab93-762fde022bfc/element/17bed629-6b9f-4fa7-a587-677d84e5aeb8/property/value 
1744196310175	Marionette	DEBUG	0 -> [0,7,"WebDriver:GetElementProperty",{"id":"17bed629-6b9f-4fa7-a587-677d84e5aeb8","name":"value"}]
1744196310176	Marionette	DEBUG	0 <- [1,7,null,{"value":""}]
1744196310176	webdriver::server	DEBUG	<- 200 OK {"value":""}
1744196310178	webdriver::server	DEBUG	-> POST /session/3919eaeb-4e0e-4220-ab93-762fde022bfc/element/17bed629-6b9f-4fa7-a587-677d84e5aeb8/value {"text":"Nightwatch.js\ue007","value":["N","i","g","h","t","w","a","t","c","h",".","j","s","\ue007"]}
1744196310178	Marionette	DEBUG	0 -> [0,8,"WebDriver:ElementSendKeys",{"id":"17bed629-6b9f-4fa7-a587-677d84e5aeb8","text":"Nightwatch.js","value":["N","i","g","h","t","w","a","t","c","h",".","j","s",""]}]
1744196310200	Marionette	DEBUG	0 <- [1,8,null,{"value":null}]
1744196310200	webdriver::server	DEBUG	<- 200 OK {"value":null}
1744196310562	Marionette	TRACE	[11] MarionetteCommands actor destroyed for window id 12884901889
JavaScript warning: https://www.google.com/search?q=Nightwatch.js&sca_esv=867854f6d6c0c082&source=hp&ei=0lL2Z767FLLc2roP66LMkQs&iflsig=ACkRmUkAAAAAZ_Zg4h1s0pjmqa9L8wh7PLRaMAgIix1V&ved=0ahUKEwi-7IfK5cqMAxUyrlYBHWsRM7IQ4dUDCBA&uact=5&oq=Nightwatch.js&gs_lp=Egdnd3Mtd2l6Ig1OaWdodHdhdGNoLmpzSAtQAFgLcAB4AJABAJgBAKABAKoBALgBA8gBAPgBAZgCAKACAJgDAJIHAKAHALIHALgHAA&sclient=gws-wiz, line 199: unreachable code after return statement
JavaScript warning: https://www.google.com/search?q=Nightwatch.js&sca_esv=867854f6d6c0c082&source=hp&ei=0lL2Z767FLLc2roP66LMkQs&iflsig=ACkRmUkAAAAAZ_Zg4h1s0pjmqa9L8wh7PLRaMAgIix1V&ved=0ahUKEwi-7IfK5cqMAxUyrlYBHWsRM7IQ4dUDCBA&uact=5&oq=Nightwatch.js&gs_lp=Egdnd3Mtd2l6Ig1OaWdodHdhdGNoLmpzSAtQAFgLcAB4AJABAJgBAKABAKoBALgBA8gBAPgBAZgCAKACAJgDAJIHAKAHALIHALgHAA&sclient=gws-wiz, line 199: unreachable code after return statement
JavaScript warning: https://www.google.com/search?q=Nightwatch.js&sca_esv=867854f6d6c0c082&source=hp&ei=0lL2Z767FLLc2roP66LMkQs&iflsig=ACkRmUkAAAAAZ_Zg4h1s0pjmqa9L8wh7PLRaMAgIix1V&ved=0ahUKEwi-7IfK5cqMAxUyrlYBHWsRM7IQ4dUDCBA&uact=5&oq=Nightwatch.js&gs_lp=Egdnd3Mtd2l6Ig1OaWdodHdhdGNoLmpzSAtQAFgLcAB4AJABAJgBAKABAKoBALgBA8gBAPgBAZgCAKACAJgDAJIHAKAHALIHALgHAA&sclient=gws-wiz, line 199: unreachable code after return statement
JavaScript warning: https://www.google.com/search?q=Nightwatch.js&sca_esv=867854f6d6c0c082&source=hp&ei=0lL2Z767FLLc2roP66LMkQs&iflsig=ACkRmUkAAAAAZ_Zg4h1s0pjmqa9L8wh7PLRaMAgIix1V&ved=0ahUKEwi-7IfK5cqMAxUyrlYBHWsRM7IQ4dUDCBA&uact=5&oq=Nightwatch.js&gs_lp=Egdnd3Mtd2l6Ig1OaWdodHdhdGNoLmpzSAtQAFgLcAB4AJABAJgBAKABAKoBALgBA8gBAPgBAZgCAKACAJgDAJIHAKAHALIHALgHAA&sclient=gws-wiz, line 199: unreachable code after return statement
JavaScript warning: https://www.google.com/search?q=Nightwatch.js&sca_esv=867854f6d6c0c082&source=hp&ei=0lL2Z767FLLc2roP66LMkQs&iflsig=ACkRmUkAAAAAZ_Zg4h1s0pjmqa9L8wh7PLRaMAgIix1V&ved=0ahUKEwi-7IfK5cqMAxUyrlYBHWsRM7IQ4dUDCBA&uact=5&oq=Nightwatch.js&gs_lp=Egdnd3Mtd2l6Ig1OaWdodHdhdGNoLmpzSAtQAFgLcAB4AJABAJgBAKABAKoBALgBA8gBAPgBAZgCAKACAJgDAJIHAKAHALIHALgHAA&sclient=gws-wiz, line 199: unreachable code after return statement
JavaScript warning: https://www.google.com/search?q=Nightwatch.js&sca_esv=867854f6d6c0c082&source=hp&ei=0lL2Z767FLLc2roP66LMkQs&iflsig=ACkRmUkAAAAAZ_Zg4h1s0pjmqa9L8wh7PLRaMAgIix1V&ved=0ahUKEwi-7IfK5cqMAxUyrlYBHWsRM7IQ4dUDCBA&uact=5&oq=Nightwatch.js&gs_lp=Egdnd3Mtd2l6Ig1OaWdodHdhdGNoLmpzSAtQAFgLcAB4AJABAJgBAKABAKoBALgBA8gBAPgBAZgCAKACAJgDAJIHAKAHALIHALgHAA&sclient=gws-wiz, line 199: unreachable code after return statement
JavaScript warning: https://www.google.com/search?q=Nightwatch.js&sca_esv=867854f6d6c0c082&source=hp&ei=0lL2Z767FLLc2roP66LMkQs&iflsig=ACkRmUkAAAAAZ_Zg4h1s0pjmqa9L8wh7PLRaMAgIix1V&ved=0ahUKEwi-7IfK5cqMAxUyrlYBHWsRM7IQ4dUDCBA&uact=5&oq=Nightwatch.js&gs_lp=Egdnd3Mtd2l6Ig1OaWdodHdhdGNoLmpzSAtQAFgLcAB4AJABAJgBAKABAKoBALgBA8gBAPgBAZgCAKACAJgDAJIHAKAHALIHALgHAA&sclient=gws-wiz line 2 > eval, line 199: unreachable code after return statement
JavaScript warning: https://www.google.com/search?q=Nightwatch.js&sca_esv=867854f6d6c0c082&source=hp&ei=0lL2Z767FLLc2roP66LMkQs&iflsig=ACkRmUkAAAAAZ_Zg4h1s0pjmqa9L8wh7PLRaMAgIix1V&ved=0ahUKEwi-7IfK5cqMAxUyrlYBHWsRM7IQ4dUDCBA&uact=5&oq=Nightwatch.js&gs_lp=Egdnd3Mtd2l6Ig1OaWdodHdhdGNoLmpzSAtQAFgLcAB4AJABAJgBAKABAKoBALgBA8gBAPgBAZgCAKACAJgDAJIHAKAHALIHALgHAA&sclient=gws-wiz line 2 > eval, line 199: unreachable code after return statement
JavaScript warning: https://www.google.com/search?q=Nightwatch.js&sca_esv=867854f6d6c0c082&source=hp&ei=0lL2Z767FLLc2roP66LMkQs&iflsig=ACkRmUkAAAAAZ_Zg4h1s0pjmqa9L8wh7PLRaMAgIix1V&ved=0ahUKEwi-7IfK5cqMAxUyrlYBHWsRM7IQ4dUDCBA&uact=5&oq=Nightwatch.js&gs_lp=Egdnd3Mtd2l6Ig1OaWdodHdhdGNoLmpzSAtQAFgLcAB4AJABAJgBAKABAKoBALgBA8gBAPgBAZgCAKACAJgDAJIHAKAHALIHALgHAA&sclient=gws-wiz line 2 > eval, line 199: unreachable code after return statement
JavaScript warning: https://www.google.com/search?q=Nightwatch.js&sca_esv=867854f6d6c0c082&source=hp&ei=0lL2Z767FLLc2roP66LMkQs&iflsig=ACkRmUkAAAAAZ_Zg4h1s0pjmqa9L8wh7PLRaMAgIix1V&ved=0ahUKEwi-7IfK5cqMAxUyrlYBHWsRM7IQ4dUDCBA&uact=5&oq=Nightwatch.js&gs_lp=Egdnd3Mtd2l6Ig1OaWdodHdhdGNoLmpzSAtQAFgLcAB4AJABAJgBAKABAKoBALgBA8gBAPgBAZgCAKACAJgDAJIHAKAHALIHALgHAA&sclient=gws-wiz line 2 > eval, line 199: unreachable code after return statement
JavaScript warning: https://www.google.com/search?q=Nightwatch.js&sca_esv=867854f6d6c0c082&source=hp&ei=0lL2Z767FLLc2roP66LMkQs&iflsig=ACkRmUkAAAAAZ_Zg4h1s0pjmqa9L8wh7PLRaMAgIix1V&ved=0ahUKEwi-7IfK5cqMAxUyrlYBHWsRM7IQ4dUDCBA&uact=5&oq=Nightwatch.js&gs_lp=Egdnd3Mtd2l6Ig1OaWdodHdhdGNoLmpzSAtQAFgLcAB4AJABAJgBAKABAKoBALgBA8gBAPgBAZgCAKACAJgDAJIHAKAHALIHALgHAA&sclient=gws-wiz line 2 > eval line 199 > eval, line 1: unreachable code after return statement
JavaScript warning: https://www.google.com/search?q=Nightwatch.js&sca_esv=867854f6d6c0c082&source=hp&ei=0lL2Z767FLLc2roP66LMkQs&iflsig=ACkRmUkAAAAAZ_Zg4h1s0pjmqa9L8wh7PLRaMAgIix1V&ved=0ahUKEwi-7IfK5cqMAxUyrlYBHWsRM7IQ4dUDCBA&uact=5&oq=Nightwatch.js&gs_lp=Egdnd3Mtd2l6Ig1OaWdodHdhdGNoLmpzSAtQAFgLcAB4AJABAJgBAKABAKoBALgBA8gBAPgBAZgCAKACAJgDAJIHAKAHALIHALgHAA&sclient=gws-wiz line 2 > eval line 199 > eval line 1 > eval, line 1: unreachable code after return statement
JavaScript warning: https://www.google.com/search?q=Nightwatch.js&sca_esv=867854f6d6c0c082&source=hp&ei=0lL2Z767FLLc2roP66LMkQs&iflsig=ACkRmUkAAAAAZ_Zg4h1s0pjmqa9L8wh7PLRaMAgIix1V&ved=0ahUKEwi-7IfK5cqMAxUyrlYBHWsRM7IQ4dUDCBA&uact=5&oq=Nightwatch.js&gs_lp=Egdnd3Mtd2l6Ig1OaWdodHdhdGNoLmpzSAtQAFgLcAB4AJABAJgBAKABAKoBALgBA8gBAPgBAZgCAKACAJgDAJIHAKAHALIHALgHAA&sclient=gws-wiz line 2 > eval line 199 > eval line 1 > eval, line 1: unreachable code after return statement
JavaScript warning: https://www.google.com/search?q=Nightwatch.js&sca_esv=867854f6d6c0c082&source=hp&ei=0lL2Z767FLLc2roP66LMkQs&iflsig=ACkRmUkAAAAAZ_Zg4h1s0pjmqa9L8wh7PLRaMAgIix1V&ved=0ahUKEwi-7IfK5cqMAxUyrlYBHWsRM7IQ4dUDCBA&uact=5&oq=Nightwatch.js&gs_lp=Egdnd3Mtd2l6Ig1OaWdodHdhdGNoLmpzSAtQAFgLcAB4AJABAJgBAKABAKoBALgBA8gBAPgBAZgCAKACAJgDAJIHAKAHALIHALgHAA&sclient=gws-wiz line 2 > eval line 199 > eval line 1 > eval line 1 > eval, line 1: unreachable code after return statement
1744196310738	Marionette	WARN	Ignoring event 'DOMContentLoaded' because document has an invalid readyState of 'complete'.
1744196311251	Marionette	TRACE	Remoteness change detected. Set new top-level browsing context to 12
1744196312215	webdriver::server	DEBUG	-> GET /session/3919eaeb-4e0e-4220-ab93-762fde022bfc/title 
1744196312216	Marionette	DEBUG	0 -> [0,9,"WebDriver:GetTitle",{}]
1744196312216	Marionette	DEBUG	0 <- [1,9,null,{"value":"https://www.google.com/search?q=Nightwatch.js&sca_esv=867854f6d6c0c082&source=hp&ei=0lL2Z767FLLc2roP66LMkQs&iflsig=ACkRmUkAAA ... HdhdGNoLmpzSAtQAFgLcAB4AJABAJgBAKABAKoBALgBA8gBAPgBAZgCAKACAJgDAJIHAKAHALIHALgHAA&sclient=gws-wiz&sei=1lL2Z_KPG_W10-kP34OfgQ8"}]
1744196312217	webdriver::server	DEBUG	<- 200 OK {"value":"https://www.google.com/search?q=Nightwatch.js&sca_esv=867854f6d6c0c082&source=hp&ei=0lL2Z767FLLc2roP66LMk ... hdGNoLmpzSAtQAFgLcAB4AJABAJgBAKABAKoBALgBA8gBAPgBAZgCAKACAJgDAJIHAKAHALIHALgHAA&sclient=gws-wiz&sei=1lL2Z_KPG_W10-kP34OfgQ8"}
1744196312226	webdriver::server	DEBUG	-> DELETE /session/3919eaeb-4e0e-4220-ab93-762fde022bfc 
1744196312227	Marionette	DEBUG	0 -> [0,10,"Marionette:Quit",{"flags":["eForceQuit"]}]
1744196312227	Marionette	INFO	Stopped listening on port 57297
1744196312490	Marionette	TRACE	Received observer notification quit-application
1744196312491	Marionette	TRACE	Received observer notification quit-application
1744196312491	RemoteAgent	DEBUG	Resetting recommended pref apz.content_response_timeout
1744196312491	RemoteAgent	DEBUG	Resetting recommended pref browser.contentblocking.introCount
1744196312492	RemoteAgent	DEBUG	Resetting recommended pref browser.download.panel.shown
1744196312492	RemoteAgent	DEBUG	Resetting recommended pref browser.http.blank_page_with_error_response.enabled
1744196312492	RemoteAgent	DEBUG	Resetting recommended pref browser.newtabpage.activity-stream.discoverystream.region-weather-config
1744196312492	RemoteAgent	DEBUG	Resetting recommended pref browser.newtabpage.activity-stream.newtabWallpapers.enabled
1744196312492	RemoteAgent	DEBUG	Resetting recommended pref browser.newtabpage.activity-stream.newtabWallpapers.v2.enabled
1744196312492	RemoteAgent	DEBUG	Resetting recommended pref browser.newtabpage.activity-stream.showSponsoredTopSites
1744196312492	RemoteAgent	DEBUG	Resetting recommended pref browser.newtabpage.enabled
1744196312492	RemoteAgent	DEBUG	Resetting recommended pref browser.pagethumbnails.capturing_disabled
1744196312492	RemoteAgent	DEBUG	Resetting recommended pref browser.region.network.url
1744196312492	RemoteAgent	DEBUG	Resetting recommended pref browser.safebrowsing.blockedURIs.enabled
1744196312494	RemoteAgent	DEBUG	Resetting recommended pref browser.safebrowsing.downloads.enabled
1744196312495	RemoteAgent	DEBUG	Resetting recommended pref browser.safebrowsing.malware.enabled
1744196312496	RemoteAgent	DEBUG	Resetting recommended pref browser.safebrowsing.phishing.enabled
1744196312497	RemoteAgent	DEBUG	Resetting recommended pref browser.search.update
1744196312497	RemoteAgent	DEBUG	Resetting recommended pref browser.startup.couldRestoreSession.count
1744196312497	RemoteAgent	DEBUG	Resetting recommended pref browser.tabs.remote.unloadDelayMs
1744196312497	RemoteAgent	DEBUG	Resetting recommended pref browser.tabs.unloadOnLowMemory
1744196312497	RemoteAgent	DEBUG	Resetting recommended pref browser.tabs.warnOnClose
1744196312497	RemoteAgent	DEBUG	Resetting recommended pref browser.tabs.warnOnCloseOtherTabs
1744196312497	RemoteAgent	DEBUG	Resetting recommended pref browser.tabs.warnOnOpen
1744196312497	RemoteAgent	DEBUG	Resetting recommended pref browser.toolbars.bookmarks.visibility
1744196312497	RemoteAgent	DEBUG	Resetting recommended pref browser.topsites.contile.enabled
1744196312497	RemoteAgent	DEBUG	Resetting recommended pref browser.usedOnWindows10.introURL
1744196312497	RemoteAgent	DEBUG	Resetting recommended pref browser.urlbar.merino.endpointURL
1744196312498	RemoteAgent	DEBUG	Resetting recommended pref browser.urlbar.suggest.searches
1744196312498	RemoteAgent	DEBUG	Resetting recommended pref datareporting.policy.dataSubmissionPolicyAccepted
1744196312498	RemoteAgent	DEBUG	Resetting recommended pref dom.disable_open_during_load
1744196312498	RemoteAgent	DEBUG	Resetting recommended pref dom.file.createInChild
1744196312498	RemoteAgent	DEBUG	Resetting recommended pref dom.input_events.security.minNumTicks
1744196312498	RemoteAgent	DEBUG	Resetting recommended pref dom.input_events.security.minTimeElapsedInMS
1744196312498	RemoteAgent	DEBUG	Resetting recommended pref dom.max_chrome_script_run_time
1744196312498	RemoteAgent	DEBUG	Resetting recommended pref dom.max_script_run_time
1744196312498	RemoteAgent	DEBUG	Resetting recommended pref dom.navigation.navigationRateLimit.count
1744196312498	RemoteAgent	DEBUG	Resetting recommended pref dom.push.connection.enabled
1744196312498	RemoteAgent	DEBUG	Resetting recommended pref dom.screenorientation.allow-lock
1744196312498	RemoteAgent	DEBUG	Resetting recommended pref dom.successive_dialog_time_limit
1744196312499	RemoteAgent	DEBUG	Resetting recommended pref extensions.getAddons.cache.enabled
1744196312499	RemoteAgent	DEBUG	Resetting recommended pref extensions.getAddons.discovery.api_url
1744196312499	RemoteAgent	DEBUG	Resetting recommended pref extensions.blocklist.detailsURL
1744196312499	RemoteAgent	DEBUG	Resetting recommended pref extensions.blocklist.itemURL
1744196312499	RemoteAgent	DEBUG	Resetting recommended pref extensions.hotfix.url
1744196312499	RemoteAgent	DEBUG	Resetting recommended pref extensions.systemAddon.update.enabled
1744196312499	RemoteAgent	DEBUG	Resetting recommended pref extensions.update.background.url
1744196312499	RemoteAgent	DEBUG	Resetting recommended pref extensions.update.url
1744196312499	RemoteAgent	DEBUG	Resetting recommended pref extensions.getAddons.get.url
1744196312499	RemoteAgent	DEBUG	Resetting recommended pref extensions.getAddons.search.browseURL
1744196312499	RemoteAgent	DEBUG	Resetting recommended pref geo.provider.network.url
1744196312499	RemoteAgent	DEBUG	Resetting recommended pref identity.fxaccounts.auth.uri
1744196312499	RemoteAgent	DEBUG	Resetting recommended pref network.connectivity-service.enabled
1744196312499	RemoteAgent	DEBUG	Resetting recommended pref network.http.phishy-userpass-length
1744196312499	RemoteAgent	DEBUG	Resetting recommended pref network.http.prompt-temp-redirect
1744196312499	RemoteAgent	DEBUG	Resetting recommended pref privacy.trackingprotection.enabled
1744196312499	RemoteAgent	DEBUG	Resetting recommended pref remote.prefs.recommended.applied
1744196312499	RemoteAgent	DEBUG	Resetting recommended pref security.fileuri.strict_origin_policy
1744196312499	RemoteAgent	DEBUG	Resetting recommended pref security.notification_enable_delay
1744196312499	RemoteAgent	DEBUG	Resetting recommended pref security.remote_settings.intermediates.enabled
1744196312499	RemoteAgent	DEBUG	Resetting recommended pref services.settings.loglevel
1744196312499	RemoteAgent	DEBUG	Resetting recommended pref signon.autofillForms
1744196312500	RemoteAgent	DEBUG	Resetting recommended pref signon.rememberSignons
1744196312500	RemoteAgent	DEBUG	Resetting recommended pref toolkit.telemetry.server
1744196312500	RemoteAgent	DEBUG	Resetting recommended pref widget.windows.window_occlusion_tracking.enabled
1744196312500	Marionette	DEBUG	Marionette stopped listening
1744196312500	Marionette	DEBUG	0 <- [1,10,null,{"cause":"shutdown","forced":false,"in_app":true}]
1744196312517	webdriver::server	DEBUG	Teardown session
1744196312517	geckodriver::marionette	DEBUG	To store minidump files of Firefox crashes the MINIDUMP_SAVE_PATH environment variable needs to be set.
1744196312522	Marionette	DEBUG	Closed connection 0
JavaScript error: https://www.google.com/sorry/index?continue=https://www.google.com/search%3Fq%3DNightwatch.js%26sca_esv%3D867854f6d6c0c082%26source%3Dhp%26ei%3D0lL2Z767FLLc2roP66LMkQs%26iflsig%3DACkRmUkAAAAAZ_Zg4h1s0pjmqa9L8wh7PLRaMAgIix1V%26ved%3D0ahUKEwi-7IfK5cqMAxUyrlYBHWsRM7IQ4dUDCBA%26uact%3D5%26oq%3DNightwatch.js%26gs_lp%3DEgdnd3Mtd2l6Ig1OaWdodHdhdGNoLmpzSAtQAFgLcAB4AJABAJgBAKABAKoBALgBA8gBAPgBAZgCAKACAJgDAJIHAKAHALIHALgHAA%26sclient%3Dgws-wiz%26sei%3D1lL2Z_KPG_W10-kP34OfgQ8&q=EhAkCUDnAA4BP-yGeCgj9ATJGNal2b8GIjBMFohYHlbyK89HXYl_jhwObLbeO-9E3Gm4p5M2zkOs_RKQj5CodVVA7PpcL3tidA4yAnJSWgFD, line 1: ReferenceError: solveSimpleChallenge is not defined
1744196312724	geckodriver::browser	DEBUG	Browser process stopped: exit status: 0
1744196312744	webdriver::server	DEBUG	<- 200 OK {"value":null}
